[0.074s] DEBUG:colcon:Command line arguments: ['/usr/bin/colcon', 'list']
[0.075s] DEBUG:colcon:Parsed command line arguments: Namespace(log_base=None, log_level=None, verb_name='list', build_base='build', ignore_user_meta=False, metas=['./colcon.meta'], base_paths=['.'], packages_ignore=None, packages_ignore_regex=None, paths=None, packages_up_to=None, packages_up_to_regex=None, packages_above=None, packages_above_and_dependencies=None, packages_above_depth=None, packages_select_by_dep=None, packages_skip_by_dep=None, packages_skip_up_to=None, packages_select_build_failed=False, packages_skip_build_finished=False, packages_select_test_failures=False, packages_skip_test_passed=False, packages_select=None, packages_skip=None, packages_select_regex=None, packages_skip_regex=None, packages_start=None, packages_end=None, allow_overriding=[], topological_order=False, names_only=False, paths_only=False, topological_graph=False, topological_graph_dot=False, topological_graph_density=False, topological_graph_legend=False, topological_graph_dot_cluster=False, topological_graph_dot_include_skipped=False, mixin_files=None, mixin=None, verb_parser=<colcon_mixin.mixin.mixin_argument.MixinArgumentDecorator object at 0x7c61ef93f670>, verb_extension=<colcon_package_information.verb.list.ListVerb object at 0x7c61ef93e650>, main=<bound method ListVerb.main of <colcon_package_information.verb.list.ListVerb object at 0x7c61ef93e650>>, mixin_verb=('list',))
[0.204s] Level 1:colcon.colcon_core.package_discovery:discover_packages(colcon_meta) check parameters
[0.204s] Level 1:colcon.colcon_core.package_discovery:discover_packages(recursive) check parameters
[0.204s] Level 1:colcon.colcon_core.package_discovery:discover_packages(ignore) check parameters
[0.204s] Level 1:colcon.colcon_core.package_discovery:discover_packages(path) check parameters
[0.204s] Level 1:colcon.colcon_core.package_discovery:discover_packages(colcon_meta) discover
[0.204s] Level 1:colcon.colcon_core.package_discovery:discover_packages(recursive) discover
[0.204s] INFO:colcon.colcon_core.package_discovery:Crawling recursively for packages in '/home/harry/autoware.shuttle_bus/src/launcher/autoware_launch/sensor_kit'
[0.204s] Level 1:colcon.colcon_core.package_identification:_identify(.) by extensions ['ignore', 'ignore_ament_install']
[0.204s] Level 1:colcon.colcon_core.package_identification:_identify(.) by extension 'ignore'
[0.204s] Level 1:colcon.colcon_core.package_identification:_identify(.) by extension 'ignore_ament_install'
[0.204s] Level 1:colcon.colcon_core.package_identification:_identify(.) by extensions ['colcon_pkg']
[0.204s] Level 1:colcon.colcon_core.package_identification:_identify(.) by extension 'colcon_pkg'
[0.204s] Level 1:colcon.colcon_core.package_identification:_identify(.) by extensions ['colcon_meta']
[0.204s] Level 1:colcon.colcon_core.package_identification:_identify(.) by extension 'colcon_meta'
[0.204s] Level 1:colcon.colcon_core.package_identification:_identify(.) by extensions ['ros']
[0.204s] Level 1:colcon.colcon_core.package_identification:_identify(.) by extension 'ros'
[0.212s] Level 1:colcon.colcon_core.package_identification:_identify(.) by extensions ['cmake', 'python']
[0.212s] Level 1:colcon.colcon_core.package_identification:_identify(.) by extension 'cmake'
[0.212s] Level 1:colcon.colcon_core.package_identification:_identify(.) by extension 'python'
[0.212s] Level 1:colcon.colcon_core.package_identification:_identify(.) by extensions ['python_setup_py']
[0.212s] Level 1:colcon.colcon_core.package_identification:_identify(.) by extension 'python_setup_py'
[0.212s] Level 1:colcon.colcon_core.package_identification:_identify(awsim_labs_sensor_kit_launch) by extensions ['ignore', 'ignore_ament_install']
[0.212s] Level 1:colcon.colcon_core.package_identification:_identify(awsim_labs_sensor_kit_launch) by extension 'ignore'
[0.212s] Level 1:colcon.colcon_core.package_identification:_identify(awsim_labs_sensor_kit_launch) by extension 'ignore_ament_install'
[0.212s] Level 1:colcon.colcon_core.package_identification:_identify(awsim_labs_sensor_kit_launch) by extensions ['colcon_pkg']
[0.212s] Level 1:colcon.colcon_core.package_identification:_identify(awsim_labs_sensor_kit_launch) by extension 'colcon_pkg'
[0.212s] Level 1:colcon.colcon_core.package_identification:_identify(awsim_labs_sensor_kit_launch) by extensions ['colcon_meta']
[0.212s] Level 1:colcon.colcon_core.package_identification:_identify(awsim_labs_sensor_kit_launch) by extension 'colcon_meta'
[0.212s] Level 1:colcon.colcon_core.package_identification:_identify(awsim_labs_sensor_kit_launch) by extensions ['ros']
[0.212s] Level 1:colcon.colcon_core.package_identification:_identify(awsim_labs_sensor_kit_launch) by extension 'ros'
[0.212s] Level 1:colcon.colcon_core.package_identification:_identify(awsim_labs_sensor_kit_launch) by extensions ['cmake', 'python']
[0.212s] Level 1:colcon.colcon_core.package_identification:_identify(awsim_labs_sensor_kit_launch) by extension 'cmake'
[0.212s] Level 1:colcon.colcon_core.package_identification:_identify(awsim_labs_sensor_kit_launch) by extension 'python'
[0.212s] Level 1:colcon.colcon_core.package_identification:_identify(awsim_labs_sensor_kit_launch) by extensions ['python_setup_py']
[0.212s] Level 1:colcon.colcon_core.package_identification:_identify(awsim_labs_sensor_kit_launch) by extension 'python_setup_py'
[0.212s] Level 1:colcon.colcon_core.package_identification:_identify(awsim_labs_sensor_kit_launch/awsim_labs_sensor_kit_description) by extensions ['ignore', 'ignore_ament_install']
[0.212s] Level 1:colcon.colcon_core.package_identification:_identify(awsim_labs_sensor_kit_launch/awsim_labs_sensor_kit_description) by extension 'ignore'
[0.213s] Level 1:colcon.colcon_core.package_identification:_identify(awsim_labs_sensor_kit_launch/awsim_labs_sensor_kit_description) by extension 'ignore_ament_install'
[0.213s] Level 1:colcon.colcon_core.package_identification:_identify(awsim_labs_sensor_kit_launch/awsim_labs_sensor_kit_description) by extensions ['colcon_pkg']
[0.213s] Level 1:colcon.colcon_core.package_identification:_identify(awsim_labs_sensor_kit_launch/awsim_labs_sensor_kit_description) by extension 'colcon_pkg'
[0.213s] Level 1:colcon.colcon_core.package_identification:_identify(awsim_labs_sensor_kit_launch/awsim_labs_sensor_kit_description) by extensions ['colcon_meta']
[0.213s] Level 1:colcon.colcon_core.package_identification:_identify(awsim_labs_sensor_kit_launch/awsim_labs_sensor_kit_description) by extension 'colcon_meta'
[0.213s] Level 1:colcon.colcon_core.package_identification:_identify(awsim_labs_sensor_kit_launch/awsim_labs_sensor_kit_description) by extensions ['ros']
[0.213s] Level 1:colcon.colcon_core.package_identification:_identify(awsim_labs_sensor_kit_launch/awsim_labs_sensor_kit_description) by extension 'ros'
[0.214s] DEBUG:colcon.colcon_core.package_identification:Package 'awsim_labs_sensor_kit_launch/awsim_labs_sensor_kit_description' with type 'ros.ament_cmake' and name 'awsim_labs_sensor_kit_description'
[0.214s] Level 1:colcon.colcon_core.package_identification:_identify(awsim_labs_sensor_kit_launch/awsim_labs_sensor_kit_launch) by extensions ['ignore', 'ignore_ament_install']
[0.214s] Level 1:colcon.colcon_core.package_identification:_identify(awsim_labs_sensor_kit_launch/awsim_labs_sensor_kit_launch) by extension 'ignore'
[0.215s] Level 1:colcon.colcon_core.package_identification:_identify(awsim_labs_sensor_kit_launch/awsim_labs_sensor_kit_launch) by extension 'ignore_ament_install'
[0.215s] Level 1:colcon.colcon_core.package_identification:_identify(awsim_labs_sensor_kit_launch/awsim_labs_sensor_kit_launch) by extensions ['colcon_pkg']
[0.215s] Level 1:colcon.colcon_core.package_identification:_identify(awsim_labs_sensor_kit_launch/awsim_labs_sensor_kit_launch) by extension 'colcon_pkg'
[0.215s] Level 1:colcon.colcon_core.package_identification:_identify(awsim_labs_sensor_kit_launch/awsim_labs_sensor_kit_launch) by extensions ['colcon_meta']
[0.215s] Level 1:colcon.colcon_core.package_identification:_identify(awsim_labs_sensor_kit_launch/awsim_labs_sensor_kit_launch) by extension 'colcon_meta'
[0.215s] Level 1:colcon.colcon_core.package_identification:_identify(awsim_labs_sensor_kit_launch/awsim_labs_sensor_kit_launch) by extensions ['ros']
[0.215s] Level 1:colcon.colcon_core.package_identification:_identify(awsim_labs_sensor_kit_launch/awsim_labs_sensor_kit_launch) by extension 'ros'
[0.215s] DEBUG:colcon.colcon_core.package_identification:Package 'awsim_labs_sensor_kit_launch/awsim_labs_sensor_kit_launch' with type 'ros.ament_cmake' and name 'awsim_labs_sensor_kit_launch'
[0.215s] Level 1:colcon.colcon_core.package_identification:_identify(awsim_labs_sensor_kit_launch/common_awsim_labs_sensor_launch) by extensions ['ignore', 'ignore_ament_install']
[0.215s] Level 1:colcon.colcon_core.package_identification:_identify(awsim_labs_sensor_kit_launch/common_awsim_labs_sensor_launch) by extension 'ignore'
[0.215s] Level 1:colcon.colcon_core.package_identification:_identify(awsim_labs_sensor_kit_launch/common_awsim_labs_sensor_launch) by extension 'ignore_ament_install'
[0.215s] Level 1:colcon.colcon_core.package_identification:_identify(awsim_labs_sensor_kit_launch/common_awsim_labs_sensor_launch) by extensions ['colcon_pkg']
[0.215s] Level 1:colcon.colcon_core.package_identification:_identify(awsim_labs_sensor_kit_launch/common_awsim_labs_sensor_launch) by extension 'colcon_pkg'
[0.215s] Level 1:colcon.colcon_core.package_identification:_identify(awsim_labs_sensor_kit_launch/common_awsim_labs_sensor_launch) by extensions ['colcon_meta']
[0.215s] Level 1:colcon.colcon_core.package_identification:_identify(awsim_labs_sensor_kit_launch/common_awsim_labs_sensor_launch) by extension 'colcon_meta'
[0.215s] Level 1:colcon.colcon_core.package_identification:_identify(awsim_labs_sensor_kit_launch/common_awsim_labs_sensor_launch) by extensions ['ros']
[0.215s] Level 1:colcon.colcon_core.package_identification:_identify(awsim_labs_sensor_kit_launch/common_awsim_labs_sensor_launch) by extension 'ros'
[0.216s] DEBUG:colcon.colcon_core.package_identification:Package 'awsim_labs_sensor_kit_launch/common_awsim_labs_sensor_launch' with type 'ros.ament_cmake' and name 'common_awsim_labs_sensor_launch'
[0.216s] Level 1:colcon.colcon_core.package_identification:_identify(awsim_sensor_kit_launch) by extensions ['ignore', 'ignore_ament_install']
[0.216s] Level 1:colcon.colcon_core.package_identification:_identify(awsim_sensor_kit_launch) by extension 'ignore'
[0.216s] Level 1:colcon.colcon_core.package_identification:_identify(awsim_sensor_kit_launch) by extension 'ignore_ament_install'
[0.216s] Level 1:colcon.colcon_core.package_identification:_identify(awsim_sensor_kit_launch) by extensions ['colcon_pkg']
[0.216s] Level 1:colcon.colcon_core.package_identification:_identify(awsim_sensor_kit_launch) by extension 'colcon_pkg'
[0.216s] Level 1:colcon.colcon_core.package_identification:_identify(awsim_sensor_kit_launch) by extensions ['colcon_meta']
[0.216s] Level 1:colcon.colcon_core.package_identification:_identify(awsim_sensor_kit_launch) by extension 'colcon_meta'
[0.216s] Level 1:colcon.colcon_core.package_identification:_identify(awsim_sensor_kit_launch) by extensions ['ros']
[0.216s] Level 1:colcon.colcon_core.package_identification:_identify(awsim_sensor_kit_launch) by extension 'ros'
[0.216s] Level 1:colcon.colcon_core.package_identification:_identify(awsim_sensor_kit_launch) by extensions ['cmake', 'python']
[0.216s] Level 1:colcon.colcon_core.package_identification:_identify(awsim_sensor_kit_launch) by extension 'cmake'
[0.216s] Level 1:colcon.colcon_core.package_identification:_identify(awsim_sensor_kit_launch) by extension 'python'
[0.216s] Level 1:colcon.colcon_core.package_identification:_identify(awsim_sensor_kit_launch) by extensions ['python_setup_py']
[0.216s] Level 1:colcon.colcon_core.package_identification:_identify(awsim_sensor_kit_launch) by extension 'python_setup_py'
[0.216s] Level 1:colcon.colcon_core.package_identification:_identify(awsim_sensor_kit_launch/awsim_sensor_kit_description) by extensions ['ignore', 'ignore_ament_install']
[0.216s] Level 1:colcon.colcon_core.package_identification:_identify(awsim_sensor_kit_launch/awsim_sensor_kit_description) by extension 'ignore'
[0.216s] Level 1:colcon.colcon_core.package_identification:_identify(awsim_sensor_kit_launch/awsim_sensor_kit_description) by extension 'ignore_ament_install'
[0.216s] Level 1:colcon.colcon_core.package_identification:_identify(awsim_sensor_kit_launch/awsim_sensor_kit_description) by extensions ['colcon_pkg']
[0.216s] Level 1:colcon.colcon_core.package_identification:_identify(awsim_sensor_kit_launch/awsim_sensor_kit_description) by extension 'colcon_pkg'
[0.216s] Level 1:colcon.colcon_core.package_identification:_identify(awsim_sensor_kit_launch/awsim_sensor_kit_description) by extensions ['colcon_meta']
[0.216s] Level 1:colcon.colcon_core.package_identification:_identify(awsim_sensor_kit_launch/awsim_sensor_kit_description) by extension 'colcon_meta'
[0.216s] Level 1:colcon.colcon_core.package_identification:_identify(awsim_sensor_kit_launch/awsim_sensor_kit_description) by extensions ['ros']
[0.216s] Level 1:colcon.colcon_core.package_identification:_identify(awsim_sensor_kit_launch/awsim_sensor_kit_description) by extension 'ros'
[0.217s] DEBUG:colcon.colcon_core.package_identification:Package 'awsim_sensor_kit_launch/awsim_sensor_kit_description' with type 'ros.ament_cmake' and name 'awsim_sensor_kit_description'
[0.217s] Level 1:colcon.colcon_core.package_identification:_identify(awsim_sensor_kit_launch/awsim_sensor_kit_launch) by extensions ['ignore', 'ignore_ament_install']
[0.217s] Level 1:colcon.colcon_core.package_identification:_identify(awsim_sensor_kit_launch/awsim_sensor_kit_launch) by extension 'ignore'
[0.217s] Level 1:colcon.colcon_core.package_identification:_identify(awsim_sensor_kit_launch/awsim_sensor_kit_launch) by extension 'ignore_ament_install'
[0.217s] Level 1:colcon.colcon_core.package_identification:_identify(awsim_sensor_kit_launch/awsim_sensor_kit_launch) by extensions ['colcon_pkg']
[0.217s] Level 1:colcon.colcon_core.package_identification:_identify(awsim_sensor_kit_launch/awsim_sensor_kit_launch) by extension 'colcon_pkg'
[0.217s] Level 1:colcon.colcon_core.package_identification:_identify(awsim_sensor_kit_launch/awsim_sensor_kit_launch) by extensions ['colcon_meta']
[0.217s] Level 1:colcon.colcon_core.package_identification:_identify(awsim_sensor_kit_launch/awsim_sensor_kit_launch) by extension 'colcon_meta'
[0.217s] Level 1:colcon.colcon_core.package_identification:_identify(awsim_sensor_kit_launch/awsim_sensor_kit_launch) by extensions ['ros']
[0.217s] Level 1:colcon.colcon_core.package_identification:_identify(awsim_sensor_kit_launch/awsim_sensor_kit_launch) by extension 'ros'
[0.218s] DEBUG:colcon.colcon_core.package_identification:Package 'awsim_sensor_kit_launch/awsim_sensor_kit_launch' with type 'ros.ament_cmake' and name 'awsim_sensor_kit_launch'
[0.218s] Level 1:colcon.colcon_core.package_identification:_identify(log) by extensions ['ignore', 'ignore_ament_install']
[0.218s] Level 1:colcon.colcon_core.package_identification:_identify(log) by extension 'ignore'
[0.218s] Level 1:colcon.colcon_core.package_identification:_identify(log) ignored
[0.218s] Level 1:colcon.colcon_core.package_identification:_identify(nuway_sensor_kit_launch) by extensions ['ignore', 'ignore_ament_install']
[0.218s] Level 1:colcon.colcon_core.package_identification:_identify(nuway_sensor_kit_launch) by extension 'ignore'
[0.218s] Level 1:colcon.colcon_core.package_identification:_identify(nuway_sensor_kit_launch) by extension 'ignore_ament_install'
[0.218s] Level 1:colcon.colcon_core.package_identification:_identify(nuway_sensor_kit_launch) by extensions ['colcon_pkg']
[0.218s] Level 1:colcon.colcon_core.package_identification:_identify(nuway_sensor_kit_launch) by extension 'colcon_pkg'
[0.218s] Level 1:colcon.colcon_core.package_identification:_identify(nuway_sensor_kit_launch) by extensions ['colcon_meta']
[0.218s] Level 1:colcon.colcon_core.package_identification:_identify(nuway_sensor_kit_launch) by extension 'colcon_meta'
[0.218s] Level 1:colcon.colcon_core.package_identification:_identify(nuway_sensor_kit_launch) by extensions ['ros']
[0.218s] Level 1:colcon.colcon_core.package_identification:_identify(nuway_sensor_kit_launch) by extension 'ros'
[0.218s] Level 1:colcon.colcon_core.package_identification:_identify(nuway_sensor_kit_launch) by extensions ['cmake', 'python']
[0.218s] Level 1:colcon.colcon_core.package_identification:_identify(nuway_sensor_kit_launch) by extension 'cmake'
[0.218s] Level 1:colcon.colcon_core.package_identification:_identify(nuway_sensor_kit_launch) by extension 'python'
[0.218s] Level 1:colcon.colcon_core.package_identification:_identify(nuway_sensor_kit_launch) by extensions ['python_setup_py']
[0.218s] Level 1:colcon.colcon_core.package_identification:_identify(nuway_sensor_kit_launch) by extension 'python_setup_py'
[0.218s] Level 1:colcon.colcon_core.package_identification:_identify(nuway_sensor_kit_launch/common_sensor_launch) by extensions ['ignore', 'ignore_ament_install']
[0.218s] Level 1:colcon.colcon_core.package_identification:_identify(nuway_sensor_kit_launch/common_sensor_launch) by extension 'ignore'
[0.218s] Level 1:colcon.colcon_core.package_identification:_identify(nuway_sensor_kit_launch/common_sensor_launch) by extension 'ignore_ament_install'
[0.218s] Level 1:colcon.colcon_core.package_identification:_identify(nuway_sensor_kit_launch/common_sensor_launch) by extensions ['colcon_pkg']
[0.218s] Level 1:colcon.colcon_core.package_identification:_identify(nuway_sensor_kit_launch/common_sensor_launch) by extension 'colcon_pkg'
[0.218s] Level 1:colcon.colcon_core.package_identification:_identify(nuway_sensor_kit_launch/common_sensor_launch) by extensions ['colcon_meta']
[0.218s] Level 1:colcon.colcon_core.package_identification:_identify(nuway_sensor_kit_launch/common_sensor_launch) by extension 'colcon_meta'
[0.218s] Level 1:colcon.colcon_core.package_identification:_identify(nuway_sensor_kit_launch/common_sensor_launch) by extensions ['ros']
[0.218s] Level 1:colcon.colcon_core.package_identification:_identify(nuway_sensor_kit_launch/common_sensor_launch) by extension 'ros'
[0.219s] DEBUG:colcon.colcon_core.package_identification:Package 'nuway_sensor_kit_launch/common_sensor_launch' with type 'ros.ament_cmake' and name 'common_sensor_launch'
[0.219s] Level 1:colcon.colcon_core.package_identification:_identify(nuway_sensor_kit_launch/nuway_sensor_kit_description) by extensions ['ignore', 'ignore_ament_install']
[0.219s] Level 1:colcon.colcon_core.package_identification:_identify(nuway_sensor_kit_launch/nuway_sensor_kit_description) by extension 'ignore'
[0.219s] Level 1:colcon.colcon_core.package_identification:_identify(nuway_sensor_kit_launch/nuway_sensor_kit_description) by extension 'ignore_ament_install'
[0.219s] Level 1:colcon.colcon_core.package_identification:_identify(nuway_sensor_kit_launch/nuway_sensor_kit_description) by extensions ['colcon_pkg']
[0.219s] Level 1:colcon.colcon_core.package_identification:_identify(nuway_sensor_kit_launch/nuway_sensor_kit_description) by extension 'colcon_pkg'
[0.219s] Level 1:colcon.colcon_core.package_identification:_identify(nuway_sensor_kit_launch/nuway_sensor_kit_description) by extensions ['colcon_meta']
[0.219s] Level 1:colcon.colcon_core.package_identification:_identify(nuway_sensor_kit_launch/nuway_sensor_kit_description) by extension 'colcon_meta'
[0.219s] Level 1:colcon.colcon_core.package_identification:_identify(nuway_sensor_kit_launch/nuway_sensor_kit_description) by extensions ['ros']
[0.219s] Level 1:colcon.colcon_core.package_identification:_identify(nuway_sensor_kit_launch/nuway_sensor_kit_description) by extension 'ros'
[0.219s] DEBUG:colcon.colcon_core.package_identification:Package 'nuway_sensor_kit_launch/nuway_sensor_kit_description' with type 'ros.ament_cmake' and name 'nuway_sensor_kit_description'
[0.219s] Level 1:colcon.colcon_core.package_identification:_identify(nuway_sensor_kit_launch/nuway_sensor_kit_launch) by extensions ['ignore', 'ignore_ament_install']
[0.219s] Level 1:colcon.colcon_core.package_identification:_identify(nuway_sensor_kit_launch/nuway_sensor_kit_launch) by extension 'ignore'
[0.219s] Level 1:colcon.colcon_core.package_identification:_identify(nuway_sensor_kit_launch/nuway_sensor_kit_launch) by extension 'ignore_ament_install'
[0.219s] Level 1:colcon.colcon_core.package_identification:_identify(nuway_sensor_kit_launch/nuway_sensor_kit_launch) by extensions ['colcon_pkg']
[0.219s] Level 1:colcon.colcon_core.package_identification:_identify(nuway_sensor_kit_launch/nuway_sensor_kit_launch) by extension 'colcon_pkg'
[0.219s] Level 1:colcon.colcon_core.package_identification:_identify(nuway_sensor_kit_launch/nuway_sensor_kit_launch) by extensions ['colcon_meta']
[0.219s] Level 1:colcon.colcon_core.package_identification:_identify(nuway_sensor_kit_launch/nuway_sensor_kit_launch) by extension 'colcon_meta'
[0.220s] Level 1:colcon.colcon_core.package_identification:_identify(nuway_sensor_kit_launch/nuway_sensor_kit_launch) by extensions ['ros']
[0.220s] Level 1:colcon.colcon_core.package_identification:_identify(nuway_sensor_kit_launch/nuway_sensor_kit_launch) by extension 'ros'
[0.220s] DEBUG:colcon.colcon_core.package_identification:Package 'nuway_sensor_kit_launch/nuway_sensor_kit_launch' with type 'ros.ament_cmake' and name 'nuway_sensor_kit_launch'
[0.220s] Level 1:colcon.colcon_core.package_identification:_identify(single_lidar_sensor_kit_launch) by extensions ['ignore', 'ignore_ament_install']
[0.220s] Level 1:colcon.colcon_core.package_identification:_identify(single_lidar_sensor_kit_launch) by extension 'ignore'
[0.220s] Level 1:colcon.colcon_core.package_identification:_identify(single_lidar_sensor_kit_launch) by extension 'ignore_ament_install'
[0.220s] Level 1:colcon.colcon_core.package_identification:_identify(single_lidar_sensor_kit_launch) by extensions ['colcon_pkg']
[0.220s] Level 1:colcon.colcon_core.package_identification:_identify(single_lidar_sensor_kit_launch) by extension 'colcon_pkg'
[0.220s] Level 1:colcon.colcon_core.package_identification:_identify(single_lidar_sensor_kit_launch) by extensions ['colcon_meta']
[0.220s] Level 1:colcon.colcon_core.package_identification:_identify(single_lidar_sensor_kit_launch) by extension 'colcon_meta'
[0.220s] Level 1:colcon.colcon_core.package_identification:_identify(single_lidar_sensor_kit_launch) by extensions ['ros']
[0.220s] Level 1:colcon.colcon_core.package_identification:_identify(single_lidar_sensor_kit_launch) by extension 'ros'
[0.220s] Level 1:colcon.colcon_core.package_identification:_identify(single_lidar_sensor_kit_launch) by extensions ['cmake', 'python']
[0.220s] Level 1:colcon.colcon_core.package_identification:_identify(single_lidar_sensor_kit_launch) by extension 'cmake'
[0.220s] Level 1:colcon.colcon_core.package_identification:_identify(single_lidar_sensor_kit_launch) by extension 'python'
[0.220s] Level 1:colcon.colcon_core.package_identification:_identify(single_lidar_sensor_kit_launch) by extensions ['python_setup_py']
[0.220s] Level 1:colcon.colcon_core.package_identification:_identify(single_lidar_sensor_kit_launch) by extension 'python_setup_py'
[0.220s] Level 1:colcon.colcon_core.package_identification:_identify(single_lidar_sensor_kit_launch/single_lidar_common_launch) by extensions ['ignore', 'ignore_ament_install']
[0.221s] Level 1:colcon.colcon_core.package_identification:_identify(single_lidar_sensor_kit_launch/single_lidar_common_launch) by extension 'ignore'
[0.221s] Level 1:colcon.colcon_core.package_identification:_identify(single_lidar_sensor_kit_launch/single_lidar_common_launch) by extension 'ignore_ament_install'
[0.221s] Level 1:colcon.colcon_core.package_identification:_identify(single_lidar_sensor_kit_launch/single_lidar_common_launch) by extensions ['colcon_pkg']
[0.221s] Level 1:colcon.colcon_core.package_identification:_identify(single_lidar_sensor_kit_launch/single_lidar_common_launch) by extension 'colcon_pkg'
[0.221s] Level 1:colcon.colcon_core.package_identification:_identify(single_lidar_sensor_kit_launch/single_lidar_common_launch) by extensions ['colcon_meta']
[0.221s] Level 1:colcon.colcon_core.package_identification:_identify(single_lidar_sensor_kit_launch/single_lidar_common_launch) by extension 'colcon_meta'
[0.221s] Level 1:colcon.colcon_core.package_identification:_identify(single_lidar_sensor_kit_launch/single_lidar_common_launch) by extensions ['ros']
[0.221s] Level 1:colcon.colcon_core.package_identification:_identify(single_lidar_sensor_kit_launch/single_lidar_common_launch) by extension 'ros'
[0.221s] DEBUG:colcon.colcon_core.package_identification:Package 'single_lidar_sensor_kit_launch/single_lidar_common_launch' with type 'ros.ament_cmake' and name 'single_lidar_common_launch'
[0.221s] Level 1:colcon.colcon_core.package_identification:_identify(single_lidar_sensor_kit_launch/single_lidar_sensor_kit_description) by extensions ['ignore', 'ignore_ament_install']
[0.221s] Level 1:colcon.colcon_core.package_identification:_identify(single_lidar_sensor_kit_launch/single_lidar_sensor_kit_description) by extension 'ignore'
[0.221s] Level 1:colcon.colcon_core.package_identification:_identify(single_lidar_sensor_kit_launch/single_lidar_sensor_kit_description) by extension 'ignore_ament_install'
[0.221s] Level 1:colcon.colcon_core.package_identification:_identify(single_lidar_sensor_kit_launch/single_lidar_sensor_kit_description) by extensions ['colcon_pkg']
[0.221s] Level 1:colcon.colcon_core.package_identification:_identify(single_lidar_sensor_kit_launch/single_lidar_sensor_kit_description) by extension 'colcon_pkg'
[0.221s] Level 1:colcon.colcon_core.package_identification:_identify(single_lidar_sensor_kit_launch/single_lidar_sensor_kit_description) by extensions ['colcon_meta']
[0.221s] Level 1:colcon.colcon_core.package_identification:_identify(single_lidar_sensor_kit_launch/single_lidar_sensor_kit_description) by extension 'colcon_meta'
[0.221s] Level 1:colcon.colcon_core.package_identification:_identify(single_lidar_sensor_kit_launch/single_lidar_sensor_kit_description) by extensions ['ros']
[0.221s] Level 1:colcon.colcon_core.package_identification:_identify(single_lidar_sensor_kit_launch/single_lidar_sensor_kit_description) by extension 'ros'
[0.222s] DEBUG:colcon.colcon_core.package_identification:Package 'single_lidar_sensor_kit_launch/single_lidar_sensor_kit_description' with type 'ros.ament_cmake' and name 'single_lidar_sensor_kit_description'
[0.222s] Level 1:colcon.colcon_core.package_identification:_identify(single_lidar_sensor_kit_launch/single_lidar_sensor_kit_launch) by extensions ['ignore', 'ignore_ament_install']
[0.222s] Level 1:colcon.colcon_core.package_identification:_identify(single_lidar_sensor_kit_launch/single_lidar_sensor_kit_launch) by extension 'ignore'
[0.222s] Level 1:colcon.colcon_core.package_identification:_identify(single_lidar_sensor_kit_launch/single_lidar_sensor_kit_launch) by extension 'ignore_ament_install'
[0.222s] Level 1:colcon.colcon_core.package_identification:_identify(single_lidar_sensor_kit_launch/single_lidar_sensor_kit_launch) by extensions ['colcon_pkg']
[0.222s] Level 1:colcon.colcon_core.package_identification:_identify(single_lidar_sensor_kit_launch/single_lidar_sensor_kit_launch) by extension 'colcon_pkg'
[0.222s] Level 1:colcon.colcon_core.package_identification:_identify(single_lidar_sensor_kit_launch/single_lidar_sensor_kit_launch) by extensions ['colcon_meta']
[0.222s] Level 1:colcon.colcon_core.package_identification:_identify(single_lidar_sensor_kit_launch/single_lidar_sensor_kit_launch) by extension 'colcon_meta'
[0.222s] Level 1:colcon.colcon_core.package_identification:_identify(single_lidar_sensor_kit_launch/single_lidar_sensor_kit_launch) by extensions ['ros']
[0.222s] Level 1:colcon.colcon_core.package_identification:_identify(single_lidar_sensor_kit_launch/single_lidar_sensor_kit_launch) by extension 'ros'
[0.222s] DEBUG:colcon.colcon_core.package_identification:Package 'single_lidar_sensor_kit_launch/single_lidar_sensor_kit_launch' with type 'ros.ament_cmake' and name 'single_lidar_sensor_kit_launch'
[0.222s] Level 1:colcon.colcon_core.package_discovery:discover_packages(recursive) using defaults
[0.223s] Level 1:colcon.colcon_core.package_discovery:discover_packages(ignore) discover
[0.223s] Level 1:colcon.colcon_core.package_discovery:discover_packages(ignore) using defaults
[0.223s] Level 1:colcon.colcon_core.package_discovery:discover_packages(path) discover
[0.223s] Level 1:colcon.colcon_core.package_discovery:discover_packages(path) using defaults
