[0.064s] DEBUG:colcon:Command line arguments: ['/usr/bin/colcon', 'list']
[0.064s] DEBUG:colcon:Parsed command line arguments: Namespace(log_base=None, log_level=None, verb_name='list', build_base='build', ignore_user_meta=False, metas=['./colcon.meta'], base_paths=['.'], packages_ignore=None, packages_ignore_regex=None, paths=None, packages_up_to=None, packages_up_to_regex=None, packages_above=None, packages_above_and_dependencies=None, packages_above_depth=None, packages_select_by_dep=None, packages_skip_by_dep=None, packages_skip_up_to=None, packages_select_build_failed=False, packages_skip_build_finished=False, packages_select_test_failures=False, packages_skip_test_passed=False, packages_select=None, packages_skip=None, packages_select_regex=None, packages_skip_regex=None, packages_start=None, packages_end=None, allow_overriding=[], topological_order=False, names_only=False, paths_only=False, topological_graph=False, topological_graph_dot=False, topological_graph_density=False, topological_graph_legend=False, topological_graph_dot_cluster=False, topological_graph_dot_include_skipped=False, mixin_files=None, mixin=None, verb_parser=<colcon_mixin.mixin.mixin_argument.MixinArgumentDecorator object at 0x716e05333670>, verb_extension=<colcon_package_information.verb.list.ListVerb object at 0x716e05332650>, main=<bound method ListVerb.main of <colcon_package_information.verb.list.ListVerb object at 0x716e05332650>>, mixin_verb=('list',))
[0.151s] Level 1:colcon.colcon_core.package_discovery:discover_packages(colcon_meta) check parameters
[0.151s] Level 1:colcon.colcon_core.package_discovery:discover_packages(recursive) check parameters
[0.151s] Level 1:colcon.colcon_core.package_discovery:discover_packages(ignore) check parameters
[0.151s] Level 1:colcon.colcon_core.package_discovery:discover_packages(path) check parameters
[0.151s] Level 1:colcon.colcon_core.package_discovery:discover_packages(colcon_meta) discover
[0.151s] Level 1:colcon.colcon_core.package_discovery:discover_packages(recursive) discover
[0.151s] INFO:colcon.colcon_core.package_discovery:Crawling recursively for packages in '/home/harry/autoware.shuttle_bus/src/launcher/autoware_launch'
[0.151s] Level 1:colcon.colcon_core.package_identification:_identify(.) by extensions ['ignore', 'ignore_ament_install']
[0.151s] Level 1:colcon.colcon_core.package_identification:_identify(.) by extension 'ignore'
[0.152s] Level 1:colcon.colcon_core.package_identification:_identify(.) by extension 'ignore_ament_install'
[0.152s] Level 1:colcon.colcon_core.package_identification:_identify(.) by extensions ['colcon_pkg']
[0.152s] Level 1:colcon.colcon_core.package_identification:_identify(.) by extension 'colcon_pkg'
[0.152s] Level 1:colcon.colcon_core.package_identification:_identify(.) by extensions ['colcon_meta']
[0.152s] Level 1:colcon.colcon_core.package_identification:_identify(.) by extension 'colcon_meta'
[0.152s] Level 1:colcon.colcon_core.package_identification:_identify(.) by extensions ['ros']
[0.152s] Level 1:colcon.colcon_core.package_identification:_identify(.) by extension 'ros'
[0.159s] Level 1:colcon.colcon_core.package_identification:_identify(.) by extensions ['cmake', 'python']
[0.159s] Level 1:colcon.colcon_core.package_identification:_identify(.) by extension 'cmake'
[0.159s] Level 1:colcon.colcon_core.package_identification:_identify(.) by extension 'python'
[0.159s] Level 1:colcon.colcon_core.package_identification:_identify(.) by extensions ['python_setup_py']
[0.159s] Level 1:colcon.colcon_core.package_identification:_identify(.) by extension 'python_setup_py'
[0.159s] Level 1:colcon.colcon_core.package_identification:_identify(autoware_launch) by extensions ['ignore', 'ignore_ament_install']
[0.159s] Level 1:colcon.colcon_core.package_identification:_identify(autoware_launch) by extension 'ignore'
[0.159s] Level 1:colcon.colcon_core.package_identification:_identify(autoware_launch) by extension 'ignore_ament_install'
[0.159s] Level 1:colcon.colcon_core.package_identification:_identify(autoware_launch) by extensions ['colcon_pkg']
[0.159s] Level 1:colcon.colcon_core.package_identification:_identify(autoware_launch) by extension 'colcon_pkg'
[0.159s] Level 1:colcon.colcon_core.package_identification:_identify(autoware_launch) by extensions ['colcon_meta']
[0.159s] Level 1:colcon.colcon_core.package_identification:_identify(autoware_launch) by extension 'colcon_meta'
[0.159s] Level 1:colcon.colcon_core.package_identification:_identify(autoware_launch) by extensions ['ros']
[0.159s] Level 1:colcon.colcon_core.package_identification:_identify(autoware_launch) by extension 'ros'
[0.162s] DEBUG:colcon.colcon_core.package_identification:Package 'autoware_launch' with type 'ros.ament_cmake' and name 'autoware_launch'
[0.162s] Level 1:colcon.colcon_core.package_identification:_identify(log) by extensions ['ignore', 'ignore_ament_install']
[0.162s] Level 1:colcon.colcon_core.package_identification:_identify(log) by extension 'ignore'
[0.162s] Level 1:colcon.colcon_core.package_identification:_identify(log) ignored
[0.162s] Level 1:colcon.colcon_core.package_identification:_identify(sensor_kit) by extensions ['ignore', 'ignore_ament_install']
[0.162s] Level 1:colcon.colcon_core.package_identification:_identify(sensor_kit) by extension 'ignore'
[0.162s] Level 1:colcon.colcon_core.package_identification:_identify(sensor_kit) by extension 'ignore_ament_install'
[0.162s] Level 1:colcon.colcon_core.package_identification:_identify(sensor_kit) by extensions ['colcon_pkg']
[0.162s] Level 1:colcon.colcon_core.package_identification:_identify(sensor_kit) by extension 'colcon_pkg'
[0.162s] Level 1:colcon.colcon_core.package_identification:_identify(sensor_kit) by extensions ['colcon_meta']
[0.162s] Level 1:colcon.colcon_core.package_identification:_identify(sensor_kit) by extension 'colcon_meta'
[0.163s] Level 1:colcon.colcon_core.package_identification:_identify(sensor_kit) by extensions ['ros']
[0.163s] Level 1:colcon.colcon_core.package_identification:_identify(sensor_kit) by extension 'ros'
[0.163s] Level 1:colcon.colcon_core.package_identification:_identify(sensor_kit) by extensions ['cmake', 'python']
[0.163s] Level 1:colcon.colcon_core.package_identification:_identify(sensor_kit) by extension 'cmake'
[0.163s] Level 1:colcon.colcon_core.package_identification:_identify(sensor_kit) by extension 'python'
[0.163s] Level 1:colcon.colcon_core.package_identification:_identify(sensor_kit) by extensions ['python_setup_py']
[0.163s] Level 1:colcon.colcon_core.package_identification:_identify(sensor_kit) by extension 'python_setup_py'
[0.163s] Level 1:colcon.colcon_core.package_identification:_identify(sensor_kit/awsim_labs_sensor_kit_launch) by extensions ['ignore', 'ignore_ament_install']
[0.163s] Level 1:colcon.colcon_core.package_identification:_identify(sensor_kit/awsim_labs_sensor_kit_launch) by extension 'ignore'
[0.163s] Level 1:colcon.colcon_core.package_identification:_identify(sensor_kit/awsim_labs_sensor_kit_launch) by extension 'ignore_ament_install'
[0.163s] Level 1:colcon.colcon_core.package_identification:_identify(sensor_kit/awsim_labs_sensor_kit_launch) by extensions ['colcon_pkg']
[0.163s] Level 1:colcon.colcon_core.package_identification:_identify(sensor_kit/awsim_labs_sensor_kit_launch) by extension 'colcon_pkg'
[0.163s] Level 1:colcon.colcon_core.package_identification:_identify(sensor_kit/awsim_labs_sensor_kit_launch) by extensions ['colcon_meta']
[0.163s] Level 1:colcon.colcon_core.package_identification:_identify(sensor_kit/awsim_labs_sensor_kit_launch) by extension 'colcon_meta'
[0.163s] Level 1:colcon.colcon_core.package_identification:_identify(sensor_kit/awsim_labs_sensor_kit_launch) by extensions ['ros']
[0.163s] Level 1:colcon.colcon_core.package_identification:_identify(sensor_kit/awsim_labs_sensor_kit_launch) by extension 'ros'
[0.163s] Level 1:colcon.colcon_core.package_identification:_identify(sensor_kit/awsim_labs_sensor_kit_launch) by extensions ['cmake', 'python']
[0.163s] Level 1:colcon.colcon_core.package_identification:_identify(sensor_kit/awsim_labs_sensor_kit_launch) by extension 'cmake'
[0.163s] Level 1:colcon.colcon_core.package_identification:_identify(sensor_kit/awsim_labs_sensor_kit_launch) by extension 'python'
[0.163s] Level 1:colcon.colcon_core.package_identification:_identify(sensor_kit/awsim_labs_sensor_kit_launch) by extensions ['python_setup_py']
[0.163s] Level 1:colcon.colcon_core.package_identification:_identify(sensor_kit/awsim_labs_sensor_kit_launch) by extension 'python_setup_py'
[0.163s] Level 1:colcon.colcon_core.package_identification:_identify(sensor_kit/awsim_labs_sensor_kit_launch/awsim_labs_sensor_kit_description) by extensions ['ignore', 'ignore_ament_install']
[0.163s] Level 1:colcon.colcon_core.package_identification:_identify(sensor_kit/awsim_labs_sensor_kit_launch/awsim_labs_sensor_kit_description) by extension 'ignore'
[0.163s] Level 1:colcon.colcon_core.package_identification:_identify(sensor_kit/awsim_labs_sensor_kit_launch/awsim_labs_sensor_kit_description) by extension 'ignore_ament_install'
[0.163s] Level 1:colcon.colcon_core.package_identification:_identify(sensor_kit/awsim_labs_sensor_kit_launch/awsim_labs_sensor_kit_description) by extensions ['colcon_pkg']
[0.163s] Level 1:colcon.colcon_core.package_identification:_identify(sensor_kit/awsim_labs_sensor_kit_launch/awsim_labs_sensor_kit_description) by extension 'colcon_pkg'
[0.163s] Level 1:colcon.colcon_core.package_identification:_identify(sensor_kit/awsim_labs_sensor_kit_launch/awsim_labs_sensor_kit_description) by extensions ['colcon_meta']
[0.163s] Level 1:colcon.colcon_core.package_identification:_identify(sensor_kit/awsim_labs_sensor_kit_launch/awsim_labs_sensor_kit_description) by extension 'colcon_meta'
[0.163s] Level 1:colcon.colcon_core.package_identification:_identify(sensor_kit/awsim_labs_sensor_kit_launch/awsim_labs_sensor_kit_description) by extensions ['ros']
[0.163s] Level 1:colcon.colcon_core.package_identification:_identify(sensor_kit/awsim_labs_sensor_kit_launch/awsim_labs_sensor_kit_description) by extension 'ros'
[0.164s] DEBUG:colcon.colcon_core.package_identification:Package 'sensor_kit/awsim_labs_sensor_kit_launch/awsim_labs_sensor_kit_description' with type 'ros.ament_cmake' and name 'awsim_labs_sensor_kit_description'
[0.164s] Level 1:colcon.colcon_core.package_identification:_identify(sensor_kit/awsim_labs_sensor_kit_launch/awsim_labs_sensor_kit_launch) by extensions ['ignore', 'ignore_ament_install']
[0.164s] Level 1:colcon.colcon_core.package_identification:_identify(sensor_kit/awsim_labs_sensor_kit_launch/awsim_labs_sensor_kit_launch) by extension 'ignore'
[0.164s] Level 1:colcon.colcon_core.package_identification:_identify(sensor_kit/awsim_labs_sensor_kit_launch/awsim_labs_sensor_kit_launch) by extension 'ignore_ament_install'
[0.164s] Level 1:colcon.colcon_core.package_identification:_identify(sensor_kit/awsim_labs_sensor_kit_launch/awsim_labs_sensor_kit_launch) by extensions ['colcon_pkg']
[0.164s] Level 1:colcon.colcon_core.package_identification:_identify(sensor_kit/awsim_labs_sensor_kit_launch/awsim_labs_sensor_kit_launch) by extension 'colcon_pkg'
[0.164s] Level 1:colcon.colcon_core.package_identification:_identify(sensor_kit/awsim_labs_sensor_kit_launch/awsim_labs_sensor_kit_launch) by extensions ['colcon_meta']
[0.164s] Level 1:colcon.colcon_core.package_identification:_identify(sensor_kit/awsim_labs_sensor_kit_launch/awsim_labs_sensor_kit_launch) by extension 'colcon_meta'
[0.164s] Level 1:colcon.colcon_core.package_identification:_identify(sensor_kit/awsim_labs_sensor_kit_launch/awsim_labs_sensor_kit_launch) by extensions ['ros']
[0.164s] Level 1:colcon.colcon_core.package_identification:_identify(sensor_kit/awsim_labs_sensor_kit_launch/awsim_labs_sensor_kit_launch) by extension 'ros'
[0.164s] DEBUG:colcon.colcon_core.package_identification:Package 'sensor_kit/awsim_labs_sensor_kit_launch/awsim_labs_sensor_kit_launch' with type 'ros.ament_cmake' and name 'awsim_labs_sensor_kit_launch'
[0.164s] Level 1:colcon.colcon_core.package_identification:_identify(sensor_kit/awsim_labs_sensor_kit_launch/common_awsim_labs_sensor_launch) by extensions ['ignore', 'ignore_ament_install']
[0.164s] Level 1:colcon.colcon_core.package_identification:_identify(sensor_kit/awsim_labs_sensor_kit_launch/common_awsim_labs_sensor_launch) by extension 'ignore'
[0.164s] Level 1:colcon.colcon_core.package_identification:_identify(sensor_kit/awsim_labs_sensor_kit_launch/common_awsim_labs_sensor_launch) by extension 'ignore_ament_install'
[0.164s] Level 1:colcon.colcon_core.package_identification:_identify(sensor_kit/awsim_labs_sensor_kit_launch/common_awsim_labs_sensor_launch) by extensions ['colcon_pkg']
[0.164s] Level 1:colcon.colcon_core.package_identification:_identify(sensor_kit/awsim_labs_sensor_kit_launch/common_awsim_labs_sensor_launch) by extension 'colcon_pkg'
[0.164s] Level 1:colcon.colcon_core.package_identification:_identify(sensor_kit/awsim_labs_sensor_kit_launch/common_awsim_labs_sensor_launch) by extensions ['colcon_meta']
[0.164s] Level 1:colcon.colcon_core.package_identification:_identify(sensor_kit/awsim_labs_sensor_kit_launch/common_awsim_labs_sensor_launch) by extension 'colcon_meta'
[0.164s] Level 1:colcon.colcon_core.package_identification:_identify(sensor_kit/awsim_labs_sensor_kit_launch/common_awsim_labs_sensor_launch) by extensions ['ros']
[0.164s] Level 1:colcon.colcon_core.package_identification:_identify(sensor_kit/awsim_labs_sensor_kit_launch/common_awsim_labs_sensor_launch) by extension 'ros'
[0.165s] DEBUG:colcon.colcon_core.package_identification:Package 'sensor_kit/awsim_labs_sensor_kit_launch/common_awsim_labs_sensor_launch' with type 'ros.ament_cmake' and name 'common_awsim_labs_sensor_launch'
[0.165s] Level 1:colcon.colcon_core.package_identification:_identify(sensor_kit/awsim_sensor_kit_launch) by extensions ['ignore', 'ignore_ament_install']
[0.165s] Level 1:colcon.colcon_core.package_identification:_identify(sensor_kit/awsim_sensor_kit_launch) by extension 'ignore'
[0.165s] Level 1:colcon.colcon_core.package_identification:_identify(sensor_kit/awsim_sensor_kit_launch) by extension 'ignore_ament_install'
[0.165s] Level 1:colcon.colcon_core.package_identification:_identify(sensor_kit/awsim_sensor_kit_launch) by extensions ['colcon_pkg']
[0.165s] Level 1:colcon.colcon_core.package_identification:_identify(sensor_kit/awsim_sensor_kit_launch) by extension 'colcon_pkg'
[0.165s] Level 1:colcon.colcon_core.package_identification:_identify(sensor_kit/awsim_sensor_kit_launch) by extensions ['colcon_meta']
[0.165s] Level 1:colcon.colcon_core.package_identification:_identify(sensor_kit/awsim_sensor_kit_launch) by extension 'colcon_meta'
[0.165s] Level 1:colcon.colcon_core.package_identification:_identify(sensor_kit/awsim_sensor_kit_launch) by extensions ['ros']
[0.165s] Level 1:colcon.colcon_core.package_identification:_identify(sensor_kit/awsim_sensor_kit_launch) by extension 'ros'
[0.165s] Level 1:colcon.colcon_core.package_identification:_identify(sensor_kit/awsim_sensor_kit_launch) by extensions ['cmake', 'python']
[0.165s] Level 1:colcon.colcon_core.package_identification:_identify(sensor_kit/awsim_sensor_kit_launch) by extension 'cmake'
[0.165s] Level 1:colcon.colcon_core.package_identification:_identify(sensor_kit/awsim_sensor_kit_launch) by extension 'python'
[0.165s] Level 1:colcon.colcon_core.package_identification:_identify(sensor_kit/awsim_sensor_kit_launch) by extensions ['python_setup_py']
[0.165s] Level 1:colcon.colcon_core.package_identification:_identify(sensor_kit/awsim_sensor_kit_launch) by extension 'python_setup_py'
[0.165s] Level 1:colcon.colcon_core.package_identification:_identify(sensor_kit/awsim_sensor_kit_launch/awsim_sensor_kit_description) by extensions ['ignore', 'ignore_ament_install']
[0.165s] Level 1:colcon.colcon_core.package_identification:_identify(sensor_kit/awsim_sensor_kit_launch/awsim_sensor_kit_description) by extension 'ignore'
[0.165s] Level 1:colcon.colcon_core.package_identification:_identify(sensor_kit/awsim_sensor_kit_launch/awsim_sensor_kit_description) by extension 'ignore_ament_install'
[0.165s] Level 1:colcon.colcon_core.package_identification:_identify(sensor_kit/awsim_sensor_kit_launch/awsim_sensor_kit_description) by extensions ['colcon_pkg']
[0.165s] Level 1:colcon.colcon_core.package_identification:_identify(sensor_kit/awsim_sensor_kit_launch/awsim_sensor_kit_description) by extension 'colcon_pkg'
[0.165s] Level 1:colcon.colcon_core.package_identification:_identify(sensor_kit/awsim_sensor_kit_launch/awsim_sensor_kit_description) by extensions ['colcon_meta']
[0.165s] Level 1:colcon.colcon_core.package_identification:_identify(sensor_kit/awsim_sensor_kit_launch/awsim_sensor_kit_description) by extension 'colcon_meta'
[0.165s] Level 1:colcon.colcon_core.package_identification:_identify(sensor_kit/awsim_sensor_kit_launch/awsim_sensor_kit_description) by extensions ['ros']
[0.165s] Level 1:colcon.colcon_core.package_identification:_identify(sensor_kit/awsim_sensor_kit_launch/awsim_sensor_kit_description) by extension 'ros'
[0.166s] DEBUG:colcon.colcon_core.package_identification:Package 'sensor_kit/awsim_sensor_kit_launch/awsim_sensor_kit_description' with type 'ros.ament_cmake' and name 'awsim_sensor_kit_description'
[0.166s] Level 1:colcon.colcon_core.package_identification:_identify(sensor_kit/awsim_sensor_kit_launch/awsim_sensor_kit_launch) by extensions ['ignore', 'ignore_ament_install']
[0.166s] Level 1:colcon.colcon_core.package_identification:_identify(sensor_kit/awsim_sensor_kit_launch/awsim_sensor_kit_launch) by extension 'ignore'
[0.166s] Level 1:colcon.colcon_core.package_identification:_identify(sensor_kit/awsim_sensor_kit_launch/awsim_sensor_kit_launch) by extension 'ignore_ament_install'
[0.166s] Level 1:colcon.colcon_core.package_identification:_identify(sensor_kit/awsim_sensor_kit_launch/awsim_sensor_kit_launch) by extensions ['colcon_pkg']
[0.166s] Level 1:colcon.colcon_core.package_identification:_identify(sensor_kit/awsim_sensor_kit_launch/awsim_sensor_kit_launch) by extension 'colcon_pkg'
[0.166s] Level 1:colcon.colcon_core.package_identification:_identify(sensor_kit/awsim_sensor_kit_launch/awsim_sensor_kit_launch) by extensions ['colcon_meta']
[0.166s] Level 1:colcon.colcon_core.package_identification:_identify(sensor_kit/awsim_sensor_kit_launch/awsim_sensor_kit_launch) by extension 'colcon_meta'
[0.166s] Level 1:colcon.colcon_core.package_identification:_identify(sensor_kit/awsim_sensor_kit_launch/awsim_sensor_kit_launch) by extensions ['ros']
[0.166s] Level 1:colcon.colcon_core.package_identification:_identify(sensor_kit/awsim_sensor_kit_launch/awsim_sensor_kit_launch) by extension 'ros'
[0.166s] DEBUG:colcon.colcon_core.package_identification:Package 'sensor_kit/awsim_sensor_kit_launch/awsim_sensor_kit_launch' with type 'ros.ament_cmake' and name 'awsim_sensor_kit_launch'
[0.166s] Level 1:colcon.colcon_core.package_identification:_identify(sensor_kit/log) by extensions ['ignore', 'ignore_ament_install']
[0.166s] Level 1:colcon.colcon_core.package_identification:_identify(sensor_kit/log) by extension 'ignore'
[0.166s] Level 1:colcon.colcon_core.package_identification:_identify(sensor_kit/log) ignored
[0.166s] Level 1:colcon.colcon_core.package_identification:_identify(sensor_kit/nuway_sensor_kit_launch) by extensions ['ignore', 'ignore_ament_install']
[0.167s] Level 1:colcon.colcon_core.package_identification:_identify(sensor_kit/nuway_sensor_kit_launch) by extension 'ignore'
[0.167s] Level 1:colcon.colcon_core.package_identification:_identify(sensor_kit/nuway_sensor_kit_launch) by extension 'ignore_ament_install'
[0.167s] Level 1:colcon.colcon_core.package_identification:_identify(sensor_kit/nuway_sensor_kit_launch) by extensions ['colcon_pkg']
[0.167s] Level 1:colcon.colcon_core.package_identification:_identify(sensor_kit/nuway_sensor_kit_launch) by extension 'colcon_pkg'
[0.167s] Level 1:colcon.colcon_core.package_identification:_identify(sensor_kit/nuway_sensor_kit_launch) by extensions ['colcon_meta']
[0.167s] Level 1:colcon.colcon_core.package_identification:_identify(sensor_kit/nuway_sensor_kit_launch) by extension 'colcon_meta'
[0.167s] Level 1:colcon.colcon_core.package_identification:_identify(sensor_kit/nuway_sensor_kit_launch) by extensions ['ros']
[0.167s] Level 1:colcon.colcon_core.package_identification:_identify(sensor_kit/nuway_sensor_kit_launch) by extension 'ros'
[0.167s] Level 1:colcon.colcon_core.package_identification:_identify(sensor_kit/nuway_sensor_kit_launch) by extensions ['cmake', 'python']
[0.167s] Level 1:colcon.colcon_core.package_identification:_identify(sensor_kit/nuway_sensor_kit_launch) by extension 'cmake'
[0.167s] Level 1:colcon.colcon_core.package_identification:_identify(sensor_kit/nuway_sensor_kit_launch) by extension 'python'
[0.167s] Level 1:colcon.colcon_core.package_identification:_identify(sensor_kit/nuway_sensor_kit_launch) by extensions ['python_setup_py']
[0.167s] Level 1:colcon.colcon_core.package_identification:_identify(sensor_kit/nuway_sensor_kit_launch) by extension 'python_setup_py'
[0.167s] Level 1:colcon.colcon_core.package_identification:_identify(sensor_kit/nuway_sensor_kit_launch/common_sensor_launch) by extensions ['ignore', 'ignore_ament_install']
[0.167s] Level 1:colcon.colcon_core.package_identification:_identify(sensor_kit/nuway_sensor_kit_launch/common_sensor_launch) by extension 'ignore'
[0.167s] Level 1:colcon.colcon_core.package_identification:_identify(sensor_kit/nuway_sensor_kit_launch/common_sensor_launch) by extension 'ignore_ament_install'
[0.167s] Level 1:colcon.colcon_core.package_identification:_identify(sensor_kit/nuway_sensor_kit_launch/common_sensor_launch) by extensions ['colcon_pkg']
[0.167s] Level 1:colcon.colcon_core.package_identification:_identify(sensor_kit/nuway_sensor_kit_launch/common_sensor_launch) by extension 'colcon_pkg'
[0.167s] Level 1:colcon.colcon_core.package_identification:_identify(sensor_kit/nuway_sensor_kit_launch/common_sensor_launch) by extensions ['colcon_meta']
[0.167s] Level 1:colcon.colcon_core.package_identification:_identify(sensor_kit/nuway_sensor_kit_launch/common_sensor_launch) by extension 'colcon_meta'
[0.167s] Level 1:colcon.colcon_core.package_identification:_identify(sensor_kit/nuway_sensor_kit_launch/common_sensor_launch) by extensions ['ros']
[0.167s] Level 1:colcon.colcon_core.package_identification:_identify(sensor_kit/nuway_sensor_kit_launch/common_sensor_launch) by extension 'ros'
[0.167s] DEBUG:colcon.colcon_core.package_identification:Package 'sensor_kit/nuway_sensor_kit_launch/common_sensor_launch' with type 'ros.ament_cmake' and name 'common_sensor_launch'
[0.167s] Level 1:colcon.colcon_core.package_identification:_identify(sensor_kit/nuway_sensor_kit_launch/nuway_sensor_kit_description) by extensions ['ignore', 'ignore_ament_install']
[0.167s] Level 1:colcon.colcon_core.package_identification:_identify(sensor_kit/nuway_sensor_kit_launch/nuway_sensor_kit_description) by extension 'ignore'
[0.167s] Level 1:colcon.colcon_core.package_identification:_identify(sensor_kit/nuway_sensor_kit_launch/nuway_sensor_kit_description) by extension 'ignore_ament_install'
[0.167s] Level 1:colcon.colcon_core.package_identification:_identify(sensor_kit/nuway_sensor_kit_launch/nuway_sensor_kit_description) by extensions ['colcon_pkg']
[0.167s] Level 1:colcon.colcon_core.package_identification:_identify(sensor_kit/nuway_sensor_kit_launch/nuway_sensor_kit_description) by extension 'colcon_pkg'
[0.168s] Level 1:colcon.colcon_core.package_identification:_identify(sensor_kit/nuway_sensor_kit_launch/nuway_sensor_kit_description) by extensions ['colcon_meta']
[0.168s] Level 1:colcon.colcon_core.package_identification:_identify(sensor_kit/nuway_sensor_kit_launch/nuway_sensor_kit_description) by extension 'colcon_meta'
[0.168s] Level 1:colcon.colcon_core.package_identification:_identify(sensor_kit/nuway_sensor_kit_launch/nuway_sensor_kit_description) by extensions ['ros']
[0.168s] Level 1:colcon.colcon_core.package_identification:_identify(sensor_kit/nuway_sensor_kit_launch/nuway_sensor_kit_description) by extension 'ros'
[0.168s] DEBUG:colcon.colcon_core.package_identification:Package 'sensor_kit/nuway_sensor_kit_launch/nuway_sensor_kit_description' with type 'ros.ament_cmake' and name 'nuway_sensor_kit_description'
[0.168s] Level 1:colcon.colcon_core.package_identification:_identify(sensor_kit/nuway_sensor_kit_launch/nuway_sensor_kit_launch) by extensions ['ignore', 'ignore_ament_install']
[0.168s] Level 1:colcon.colcon_core.package_identification:_identify(sensor_kit/nuway_sensor_kit_launch/nuway_sensor_kit_launch) by extension 'ignore'
[0.168s] Level 1:colcon.colcon_core.package_identification:_identify(sensor_kit/nuway_sensor_kit_launch/nuway_sensor_kit_launch) by extension 'ignore_ament_install'
[0.168s] Level 1:colcon.colcon_core.package_identification:_identify(sensor_kit/nuway_sensor_kit_launch/nuway_sensor_kit_launch) by extensions ['colcon_pkg']
[0.168s] Level 1:colcon.colcon_core.package_identification:_identify(sensor_kit/nuway_sensor_kit_launch/nuway_sensor_kit_launch) by extension 'colcon_pkg'
[0.168s] Level 1:colcon.colcon_core.package_identification:_identify(sensor_kit/nuway_sensor_kit_launch/nuway_sensor_kit_launch) by extensions ['colcon_meta']
[0.168s] Level 1:colcon.colcon_core.package_identification:_identify(sensor_kit/nuway_sensor_kit_launch/nuway_sensor_kit_launch) by extension 'colcon_meta'
[0.168s] Level 1:colcon.colcon_core.package_identification:_identify(sensor_kit/nuway_sensor_kit_launch/nuway_sensor_kit_launch) by extensions ['ros']
[0.168s] Level 1:colcon.colcon_core.package_identification:_identify(sensor_kit/nuway_sensor_kit_launch/nuway_sensor_kit_launch) by extension 'ros'
[0.168s] DEBUG:colcon.colcon_core.package_identification:Package 'sensor_kit/nuway_sensor_kit_launch/nuway_sensor_kit_launch' with type 'ros.ament_cmake' and name 'nuway_sensor_kit_launch'
[0.169s] Level 1:colcon.colcon_core.package_identification:_identify(sensor_kit/single_lidar_sensor_kit_launch) by extensions ['ignore', 'ignore_ament_install']
[0.169s] Level 1:colcon.colcon_core.package_identification:_identify(sensor_kit/single_lidar_sensor_kit_launch) by extension 'ignore'
[0.169s] Level 1:colcon.colcon_core.package_identification:_identify(sensor_kit/single_lidar_sensor_kit_launch) by extension 'ignore_ament_install'
[0.169s] Level 1:colcon.colcon_core.package_identification:_identify(sensor_kit/single_lidar_sensor_kit_launch) by extensions ['colcon_pkg']
[0.169s] Level 1:colcon.colcon_core.package_identification:_identify(sensor_kit/single_lidar_sensor_kit_launch) by extension 'colcon_pkg'
[0.169s] Level 1:colcon.colcon_core.package_identification:_identify(sensor_kit/single_lidar_sensor_kit_launch) by extensions ['colcon_meta']
[0.169s] Level 1:colcon.colcon_core.package_identification:_identify(sensor_kit/single_lidar_sensor_kit_launch) by extension 'colcon_meta'
[0.169s] Level 1:colcon.colcon_core.package_identification:_identify(sensor_kit/single_lidar_sensor_kit_launch) by extensions ['ros']
[0.169s] Level 1:colcon.colcon_core.package_identification:_identify(sensor_kit/single_lidar_sensor_kit_launch) by extension 'ros'
[0.169s] Level 1:colcon.colcon_core.package_identification:_identify(sensor_kit/single_lidar_sensor_kit_launch) by extensions ['cmake', 'python']
[0.169s] Level 1:colcon.colcon_core.package_identification:_identify(sensor_kit/single_lidar_sensor_kit_launch) by extension 'cmake'
[0.169s] Level 1:colcon.colcon_core.package_identification:_identify(sensor_kit/single_lidar_sensor_kit_launch) by extension 'python'
[0.169s] Level 1:colcon.colcon_core.package_identification:_identify(sensor_kit/single_lidar_sensor_kit_launch) by extensions ['python_setup_py']
[0.169s] Level 1:colcon.colcon_core.package_identification:_identify(sensor_kit/single_lidar_sensor_kit_launch) by extension 'python_setup_py'
[0.169s] Level 1:colcon.colcon_core.package_identification:_identify(sensor_kit/single_lidar_sensor_kit_launch/single_lidar_common_launch) by extensions ['ignore', 'ignore_ament_install']
[0.169s] Level 1:colcon.colcon_core.package_identification:_identify(sensor_kit/single_lidar_sensor_kit_launch/single_lidar_common_launch) by extension 'ignore'
[0.169s] Level 1:colcon.colcon_core.package_identification:_identify(sensor_kit/single_lidar_sensor_kit_launch/single_lidar_common_launch) by extension 'ignore_ament_install'
[0.169s] Level 1:colcon.colcon_core.package_identification:_identify(sensor_kit/single_lidar_sensor_kit_launch/single_lidar_common_launch) by extensions ['colcon_pkg']
[0.169s] Level 1:colcon.colcon_core.package_identification:_identify(sensor_kit/single_lidar_sensor_kit_launch/single_lidar_common_launch) by extension 'colcon_pkg'
[0.169s] Level 1:colcon.colcon_core.package_identification:_identify(sensor_kit/single_lidar_sensor_kit_launch/single_lidar_common_launch) by extensions ['colcon_meta']
[0.169s] Level 1:colcon.colcon_core.package_identification:_identify(sensor_kit/single_lidar_sensor_kit_launch/single_lidar_common_launch) by extension 'colcon_meta'
[0.169s] Level 1:colcon.colcon_core.package_identification:_identify(sensor_kit/single_lidar_sensor_kit_launch/single_lidar_common_launch) by extensions ['ros']
[0.169s] Level 1:colcon.colcon_core.package_identification:_identify(sensor_kit/single_lidar_sensor_kit_launch/single_lidar_common_launch) by extension 'ros'
[0.169s] DEBUG:colcon.colcon_core.package_identification:Package 'sensor_kit/single_lidar_sensor_kit_launch/single_lidar_common_launch' with type 'ros.ament_cmake' and name 'single_lidar_common_launch'
[0.169s] Level 1:colcon.colcon_core.package_identification:_identify(sensor_kit/single_lidar_sensor_kit_launch/single_lidar_sensor_kit_description) by extensions ['ignore', 'ignore_ament_install']
[0.169s] Level 1:colcon.colcon_core.package_identification:_identify(sensor_kit/single_lidar_sensor_kit_launch/single_lidar_sensor_kit_description) by extension 'ignore'
[0.169s] Level 1:colcon.colcon_core.package_identification:_identify(sensor_kit/single_lidar_sensor_kit_launch/single_lidar_sensor_kit_description) by extension 'ignore_ament_install'
[0.170s] Level 1:colcon.colcon_core.package_identification:_identify(sensor_kit/single_lidar_sensor_kit_launch/single_lidar_sensor_kit_description) by extensions ['colcon_pkg']
[0.170s] Level 1:colcon.colcon_core.package_identification:_identify(sensor_kit/single_lidar_sensor_kit_launch/single_lidar_sensor_kit_description) by extension 'colcon_pkg'
[0.170s] Level 1:colcon.colcon_core.package_identification:_identify(sensor_kit/single_lidar_sensor_kit_launch/single_lidar_sensor_kit_description) by extensions ['colcon_meta']
[0.170s] Level 1:colcon.colcon_core.package_identification:_identify(sensor_kit/single_lidar_sensor_kit_launch/single_lidar_sensor_kit_description) by extension 'colcon_meta'
[0.170s] Level 1:colcon.colcon_core.package_identification:_identify(sensor_kit/single_lidar_sensor_kit_launch/single_lidar_sensor_kit_description) by extensions ['ros']
[0.170s] Level 1:colcon.colcon_core.package_identification:_identify(sensor_kit/single_lidar_sensor_kit_launch/single_lidar_sensor_kit_description) by extension 'ros'
[0.170s] DEBUG:colcon.colcon_core.package_identification:Package 'sensor_kit/single_lidar_sensor_kit_launch/single_lidar_sensor_kit_description' with type 'ros.ament_cmake' and name 'single_lidar_sensor_kit_description'
[0.170s] Level 1:colcon.colcon_core.package_identification:_identify(sensor_kit/single_lidar_sensor_kit_launch/single_lidar_sensor_kit_launch) by extensions ['ignore', 'ignore_ament_install']
[0.170s] Level 1:colcon.colcon_core.package_identification:_identify(sensor_kit/single_lidar_sensor_kit_launch/single_lidar_sensor_kit_launch) by extension 'ignore'
[0.170s] Level 1:colcon.colcon_core.package_identification:_identify(sensor_kit/single_lidar_sensor_kit_launch/single_lidar_sensor_kit_launch) by extension 'ignore_ament_install'
[0.170s] Level 1:colcon.colcon_core.package_identification:_identify(sensor_kit/single_lidar_sensor_kit_launch/single_lidar_sensor_kit_launch) by extensions ['colcon_pkg']
[0.170s] Level 1:colcon.colcon_core.package_identification:_identify(sensor_kit/single_lidar_sensor_kit_launch/single_lidar_sensor_kit_launch) by extension 'colcon_pkg'
[0.170s] Level 1:colcon.colcon_core.package_identification:_identify(sensor_kit/single_lidar_sensor_kit_launch/single_lidar_sensor_kit_launch) by extensions ['colcon_meta']
[0.170s] Level 1:colcon.colcon_core.package_identification:_identify(sensor_kit/single_lidar_sensor_kit_launch/single_lidar_sensor_kit_launch) by extension 'colcon_meta'
[0.170s] Level 1:colcon.colcon_core.package_identification:_identify(sensor_kit/single_lidar_sensor_kit_launch/single_lidar_sensor_kit_launch) by extensions ['ros']
[0.170s] Level 1:colcon.colcon_core.package_identification:_identify(sensor_kit/single_lidar_sensor_kit_launch/single_lidar_sensor_kit_launch) by extension 'ros'
[0.171s] DEBUG:colcon.colcon_core.package_identification:Package 'sensor_kit/single_lidar_sensor_kit_launch/single_lidar_sensor_kit_launch' with type 'ros.ament_cmake' and name 'single_lidar_sensor_kit_launch'
[0.171s] Level 1:colcon.colcon_core.package_identification:_identify(vehicle) by extensions ['ignore', 'ignore_ament_install']
[0.171s] Level 1:colcon.colcon_core.package_identification:_identify(vehicle) by extension 'ignore'
[0.171s] Level 1:colcon.colcon_core.package_identification:_identify(vehicle) by extension 'ignore_ament_install'
[0.171s] Level 1:colcon.colcon_core.package_identification:_identify(vehicle) by extensions ['colcon_pkg']
[0.171s] Level 1:colcon.colcon_core.package_identification:_identify(vehicle) by extension 'colcon_pkg'
[0.171s] Level 1:colcon.colcon_core.package_identification:_identify(vehicle) by extensions ['colcon_meta']
[0.171s] Level 1:colcon.colcon_core.package_identification:_identify(vehicle) by extension 'colcon_meta'
[0.171s] Level 1:colcon.colcon_core.package_identification:_identify(vehicle) by extensions ['ros']
[0.171s] Level 1:colcon.colcon_core.package_identification:_identify(vehicle) by extension 'ros'
[0.171s] Level 1:colcon.colcon_core.package_identification:_identify(vehicle) by extensions ['cmake', 'python']
[0.171s] Level 1:colcon.colcon_core.package_identification:_identify(vehicle) by extension 'cmake'
[0.171s] Level 1:colcon.colcon_core.package_identification:_identify(vehicle) by extension 'python'
[0.171s] Level 1:colcon.colcon_core.package_identification:_identify(vehicle) by extensions ['python_setup_py']
[0.171s] Level 1:colcon.colcon_core.package_identification:_identify(vehicle) by extension 'python_setup_py'
[0.171s] Level 1:colcon.colcon_core.package_identification:_identify(vehicle/awsim_labs_vehicle_launch) by extensions ['ignore', 'ignore_ament_install']
[0.171s] Level 1:colcon.colcon_core.package_identification:_identify(vehicle/awsim_labs_vehicle_launch) by extension 'ignore'
[0.171s] Level 1:colcon.colcon_core.package_identification:_identify(vehicle/awsim_labs_vehicle_launch) by extension 'ignore_ament_install'
[0.171s] Level 1:colcon.colcon_core.package_identification:_identify(vehicle/awsim_labs_vehicle_launch) by extensions ['colcon_pkg']
[0.171s] Level 1:colcon.colcon_core.package_identification:_identify(vehicle/awsim_labs_vehicle_launch) by extension 'colcon_pkg'
[0.171s] Level 1:colcon.colcon_core.package_identification:_identify(vehicle/awsim_labs_vehicle_launch) by extensions ['colcon_meta']
[0.171s] Level 1:colcon.colcon_core.package_identification:_identify(vehicle/awsim_labs_vehicle_launch) by extension 'colcon_meta'
[0.171s] Level 1:colcon.colcon_core.package_identification:_identify(vehicle/awsim_labs_vehicle_launch) by extensions ['ros']
[0.171s] Level 1:colcon.colcon_core.package_identification:_identify(vehicle/awsim_labs_vehicle_launch) by extension 'ros'
[0.171s] Level 1:colcon.colcon_core.package_identification:_identify(vehicle/awsim_labs_vehicle_launch) by extensions ['cmake', 'python']
[0.171s] Level 1:colcon.colcon_core.package_identification:_identify(vehicle/awsim_labs_vehicle_launch) by extension 'cmake'
[0.171s] Level 1:colcon.colcon_core.package_identification:_identify(vehicle/awsim_labs_vehicle_launch) by extension 'python'
[0.171s] Level 1:colcon.colcon_core.package_identification:_identify(vehicle/awsim_labs_vehicle_launch) by extensions ['python_setup_py']
[0.171s] Level 1:colcon.colcon_core.package_identification:_identify(vehicle/awsim_labs_vehicle_launch) by extension 'python_setup_py'
[0.171s] Level 1:colcon.colcon_core.package_identification:_identify(vehicle/awsim_labs_vehicle_launch/awsim_labs_vehicle_description) by extensions ['ignore', 'ignore_ament_install']
[0.171s] Level 1:colcon.colcon_core.package_identification:_identify(vehicle/awsim_labs_vehicle_launch/awsim_labs_vehicle_description) by extension 'ignore'
[0.171s] Level 1:colcon.colcon_core.package_identification:_identify(vehicle/awsim_labs_vehicle_launch/awsim_labs_vehicle_description) by extension 'ignore_ament_install'
[0.171s] Level 1:colcon.colcon_core.package_identification:_identify(vehicle/awsim_labs_vehicle_launch/awsim_labs_vehicle_description) by extensions ['colcon_pkg']
[0.171s] Level 1:colcon.colcon_core.package_identification:_identify(vehicle/awsim_labs_vehicle_launch/awsim_labs_vehicle_description) by extension 'colcon_pkg'
[0.171s] Level 1:colcon.colcon_core.package_identification:_identify(vehicle/awsim_labs_vehicle_launch/awsim_labs_vehicle_description) by extensions ['colcon_meta']
[0.171s] Level 1:colcon.colcon_core.package_identification:_identify(vehicle/awsim_labs_vehicle_launch/awsim_labs_vehicle_description) by extension 'colcon_meta'
[0.172s] Level 1:colcon.colcon_core.package_identification:_identify(vehicle/awsim_labs_vehicle_launch/awsim_labs_vehicle_description) by extensions ['ros']
[0.172s] Level 1:colcon.colcon_core.package_identification:_identify(vehicle/awsim_labs_vehicle_launch/awsim_labs_vehicle_description) by extension 'ros'
[0.172s] DEBUG:colcon.colcon_core.package_identification:Package 'vehicle/awsim_labs_vehicle_launch/awsim_labs_vehicle_description' with type 'ros.ament_cmake' and name 'awsim_labs_vehicle_description'
[0.173s] Level 1:colcon.colcon_core.package_identification:_identify(vehicle/awsim_labs_vehicle_launch/awsim_labs_vehicle_launch) by extensions ['ignore', 'ignore_ament_install']
[0.173s] Level 1:colcon.colcon_core.package_identification:_identify(vehicle/awsim_labs_vehicle_launch/awsim_labs_vehicle_launch) by extension 'ignore'
[0.173s] Level 1:colcon.colcon_core.package_identification:_identify(vehicle/awsim_labs_vehicle_launch/awsim_labs_vehicle_launch) by extension 'ignore_ament_install'
[0.173s] Level 1:colcon.colcon_core.package_identification:_identify(vehicle/awsim_labs_vehicle_launch/awsim_labs_vehicle_launch) by extensions ['colcon_pkg']
[0.173s] Level 1:colcon.colcon_core.package_identification:_identify(vehicle/awsim_labs_vehicle_launch/awsim_labs_vehicle_launch) by extension 'colcon_pkg'
[0.173s] Level 1:colcon.colcon_core.package_identification:_identify(vehicle/awsim_labs_vehicle_launch/awsim_labs_vehicle_launch) by extensions ['colcon_meta']
[0.173s] Level 1:colcon.colcon_core.package_identification:_identify(vehicle/awsim_labs_vehicle_launch/awsim_labs_vehicle_launch) by extension 'colcon_meta'
[0.173s] Level 1:colcon.colcon_core.package_identification:_identify(vehicle/awsim_labs_vehicle_launch/awsim_labs_vehicle_launch) by extensions ['ros']
[0.173s] Level 1:colcon.colcon_core.package_identification:_identify(vehicle/awsim_labs_vehicle_launch/awsim_labs_vehicle_launch) by extension 'ros'
[0.173s] DEBUG:colcon.colcon_core.package_identification:Package 'vehicle/awsim_labs_vehicle_launch/awsim_labs_vehicle_launch' with type 'ros.ament_cmake' and name 'awsim_labs_vehicle_launch'
[0.174s] Level 1:colcon.colcon_core.package_identification:_identify(vehicle/nuway_vehicle_launch) by extensions ['ignore', 'ignore_ament_install']
[0.174s] Level 1:colcon.colcon_core.package_identification:_identify(vehicle/nuway_vehicle_launch) by extension 'ignore'
[0.174s] Level 1:colcon.colcon_core.package_identification:_identify(vehicle/nuway_vehicle_launch) by extension 'ignore_ament_install'
[0.174s] Level 1:colcon.colcon_core.package_identification:_identify(vehicle/nuway_vehicle_launch) by extensions ['colcon_pkg']
[0.174s] Level 1:colcon.colcon_core.package_identification:_identify(vehicle/nuway_vehicle_launch) by extension 'colcon_pkg'
[0.174s] Level 1:colcon.colcon_core.package_identification:_identify(vehicle/nuway_vehicle_launch) by extensions ['colcon_meta']
[0.174s] Level 1:colcon.colcon_core.package_identification:_identify(vehicle/nuway_vehicle_launch) by extension 'colcon_meta'
[0.174s] Level 1:colcon.colcon_core.package_identification:_identify(vehicle/nuway_vehicle_launch) by extensions ['ros']
[0.174s] Level 1:colcon.colcon_core.package_identification:_identify(vehicle/nuway_vehicle_launch) by extension 'ros'
[0.174s] Level 1:colcon.colcon_core.package_identification:_identify(vehicle/nuway_vehicle_launch) by extensions ['cmake', 'python']
[0.174s] Level 1:colcon.colcon_core.package_identification:_identify(vehicle/nuway_vehicle_launch) by extension 'cmake'
[0.174s] Level 1:colcon.colcon_core.package_identification:_identify(vehicle/nuway_vehicle_launch) by extension 'python'
[0.174s] Level 1:colcon.colcon_core.package_identification:_identify(vehicle/nuway_vehicle_launch) by extensions ['python_setup_py']
[0.174s] Level 1:colcon.colcon_core.package_identification:_identify(vehicle/nuway_vehicle_launch) by extension 'python_setup_py'
[0.174s] Level 1:colcon.colcon_core.package_identification:_identify(vehicle/nuway_vehicle_launch/nuway_vehicle_description) by extensions ['ignore', 'ignore_ament_install']
[0.174s] Level 1:colcon.colcon_core.package_identification:_identify(vehicle/nuway_vehicle_launch/nuway_vehicle_description) by extension 'ignore'
[0.174s] Level 1:colcon.colcon_core.package_identification:_identify(vehicle/nuway_vehicle_launch/nuway_vehicle_description) by extension 'ignore_ament_install'
[0.174s] Level 1:colcon.colcon_core.package_identification:_identify(vehicle/nuway_vehicle_launch/nuway_vehicle_description) by extensions ['colcon_pkg']
[0.174s] Level 1:colcon.colcon_core.package_identification:_identify(vehicle/nuway_vehicle_launch/nuway_vehicle_description) by extension 'colcon_pkg'
[0.174s] Level 1:colcon.colcon_core.package_identification:_identify(vehicle/nuway_vehicle_launch/nuway_vehicle_description) by extensions ['colcon_meta']
[0.174s] Level 1:colcon.colcon_core.package_identification:_identify(vehicle/nuway_vehicle_launch/nuway_vehicle_description) by extension 'colcon_meta'
[0.174s] Level 1:colcon.colcon_core.package_identification:_identify(vehicle/nuway_vehicle_launch/nuway_vehicle_description) by extensions ['ros']
[0.174s] Level 1:colcon.colcon_core.package_identification:_identify(vehicle/nuway_vehicle_launch/nuway_vehicle_description) by extension 'ros'
[0.175s] DEBUG:colcon.colcon_core.package_identification:Package 'vehicle/nuway_vehicle_launch/nuway_vehicle_description' with type 'ros.ament_cmake' and name 'nuway_vehicle_description'
[0.175s] Level 1:colcon.colcon_core.package_identification:_identify(vehicle/nuway_vehicle_launch/nuway_vehicle_launch) by extensions ['ignore', 'ignore_ament_install']
[0.175s] Level 1:colcon.colcon_core.package_identification:_identify(vehicle/nuway_vehicle_launch/nuway_vehicle_launch) by extension 'ignore'
[0.175s] Level 1:colcon.colcon_core.package_identification:_identify(vehicle/nuway_vehicle_launch/nuway_vehicle_launch) by extension 'ignore_ament_install'
[0.175s] Level 1:colcon.colcon_core.package_identification:_identify(vehicle/nuway_vehicle_launch/nuway_vehicle_launch) by extensions ['colcon_pkg']
[0.175s] Level 1:colcon.colcon_core.package_identification:_identify(vehicle/nuway_vehicle_launch/nuway_vehicle_launch) by extension 'colcon_pkg'
[0.175s] Level 1:colcon.colcon_core.package_identification:_identify(vehicle/nuway_vehicle_launch/nuway_vehicle_launch) by extensions ['colcon_meta']
[0.175s] Level 1:colcon.colcon_core.package_identification:_identify(vehicle/nuway_vehicle_launch/nuway_vehicle_launch) by extension 'colcon_meta'
[0.175s] Level 1:colcon.colcon_core.package_identification:_identify(vehicle/nuway_vehicle_launch/nuway_vehicle_launch) by extensions ['ros']
[0.175s] Level 1:colcon.colcon_core.package_identification:_identify(vehicle/nuway_vehicle_launch/nuway_vehicle_launch) by extension 'ros'
[0.176s] DEBUG:colcon.colcon_core.package_identification:Package 'vehicle/nuway_vehicle_launch/nuway_vehicle_launch' with type 'ros.ament_cmake' and name 'nuway_vehicle_launch'
[0.176s] Level 1:colcon.colcon_core.package_discovery:discover_packages(recursive) using defaults
[0.176s] Level 1:colcon.colcon_core.package_discovery:discover_packages(ignore) discover
[0.176s] Level 1:colcon.colcon_core.package_discovery:discover_packages(ignore) using defaults
[0.176s] Level 1:colcon.colcon_core.package_discovery:discover_packages(path) discover
[0.176s] Level 1:colcon.colcon_core.package_discovery:discover_packages(path) using defaults
